<?xml version="1.0" encoding="UTF-8"?>
<testsuite xmlns:xsi="http://www.w3.org/2001/XMLSchema-instance" xsi:noNamespaceSchemaLocation="https://maven.apache.org/surefire/maven-surefire-plugin/xsd/surefire-test-report.xsd" name="BonusServiceTest" time="0.125" tests="4" errors="0" skipped="0" failures="0">
  <properties>
[...]
</properties>
  <testcase name="shouldCalculateRegisteredUnderLimit" classname="BonusServiceTest" time="0.046"/>
  <testcase name="shouldCalculateRegisteredOverLimit" classname="BonusServiceTest" time="0"/>
  <testcase name="CheckingAnUnregisteredUser" classname="BonusServiceTest" time="0"/>
  <testcase name="limitExceededForUnregistered" classname="BonusServiceTest" time="0"/>
</testsuite>